<?xml version="1.0" encoding="UTF-8"?>
<testng-results skipped="0" failed="0" total="1" passed="1">
  <reporter-output>
  </reporter-output>
  <suite name="Default suite" duration-ms="21577" started-at="2019-09-28T03:43:12Z" finished-at="2019-09-28T03:43:33Z">
    <groups>
    </groups>
    <test name="Default test" duration-ms="21577" started-at="2019-09-28T03:43:12Z" finished-at="2019-09-28T03:43:33Z">
      <class name="DriverFactory.AppTest">
        <test-method status="PASS" signature="kickstart()[pri:0, instance:DriverFactory.AppTest@56f4468b]" name="kickstart" duration-ms="21546" started-at="2019-09-28T09:13:12Z" finished-at="2019-09-28T09:13:33Z">
          <reporter-output>
          </reporter-output>
        </test-method> <!-- kickstart -->
      </class> <!-- DriverFactory.AppTest -->
    </test> <!-- Default test -->
  </suite> <!-- Default suite -->
</testng-results>
